<?xml version="1.0" encoding="UTF-8"?>
<testng-results ignored="0" total="1" passed="1" failed="0" skipped="0">
  <reporter-output>
  </reporter-output>
  <suite started-at="2023-02-11T18:44:57 IST" name="Suite" finished-at="2023-02-11T18:45:04 IST" duration-ms="6858">
    <groups>
    </groups>
    <test started-at="2023-02-11T18:44:57 IST" name="Test" finished-at="2023-02-11T18:45:04 IST" duration-ms="6858">
      <class name="Redbus_BusSeaching_Testcase.RedBus_Home_Page_Testcase">
        <test-method signature="Home_page()[pri:0, instance:Redbus_BusSeaching_Testcase.RedBus_Home_Page_Testcase@51e69659]" started-at="2023-02-11T18:44:57 IST" name="Home_page" finished-at="2023-02-11T18:45:04 IST" duration-ms="6815" status="PASS">
          <reporter-output>
          </reporter-output>
        </test-method> <!-- Home_page -->
      </class> <!-- Redbus_BusSeaching_Testcase.RedBus_Home_Page_Testcase -->
    </test> <!-- Test -->
  </suite> <!-- Suite -->
</testng-results>
