<?xml version="1.0" encoding="UTF-8"?>
<testng-results ignored="0" total="1" passed="1" failed="0" skipped="0">
  <reporter-output>
  </reporter-output>
  <suite started-at="2023-02-13T23:54:44 IST" name="Default suite" finished-at="2023-02-13T23:55:04 IST" duration-ms="19981">
    <groups>
    </groups>
    <test started-at="2023-02-13T23:54:44 IST" name="Default test" finished-at="2023-02-13T23:55:04 IST" duration-ms="19981">
      <class name="JQuery_components_testing.Main_testing">
        <test-method signature="FileManager()[pri:0, instance:JQuery_components_testing.Main_testing@4b8ee4de]" started-at="2023-02-13T23:54:45 IST" name="FileManager" finished-at="2023-02-13T23:55:04 IST" duration-ms="19868" status="PASS">
          <reporter-output>
          </reporter-output>
        </test-method> <!-- FileManager -->
      </class> <!-- JQuery_components_testing.Main_testing -->
    </test> <!-- Default test -->
  </suite> <!-- Default suite -->
</testng-results>
